<?xml version="1.0" encoding="UTF-8"?>
<!-- Generated by org.testng.reporters.JUnitReportReporter -->
<testsuite hostname="Dell" failures="0" tests="1" name="scripts.TestCase2" time="14.409" errors="0" timestamp="2022-10-31T19:39:25 IST" skipped="0">
  <testcase classname="scripts.TestCase2" name="tc2" time="14.409"/>
  <system-out/>
</testsuite> <!-- scripts.TestCase2 -->
