<?xml version="1.0" encoding="UTF-8"?>
<!-- Generated by org.testng.reporters.JUnitReportReporter -->
<testsuite hostname="Dell" failures="0" tests="1" name="scripts.TestCase3" time="23.361" errors="0" timestamp="2022-10-31T19:39:54 IST" skipped="0">
  <testcase classname="scripts.TestCase3" name="tc3" time="23.361"/>
  <system-out/>
</testsuite> <!-- scripts.TestCase3 -->
